[debug] [2025-02-18T15:03:56.602Z] ----------------------------------------------------------------------
[debug] [2025-02-18T15:03:56.605Z] Command:       D:\nodejs\node.exe C:\Users\codnj\AppData\Roaming\npm\node_modules\firebase-tools\lib\bin\firebase.js serve
[debug] [2025-02-18T15:03:56.605Z] CLI Version:   13.31.1
[debug] [2025-02-18T15:03:56.605Z] Platform:      win32
[debug] [2025-02-18T15:03:56.605Z] Node Version:  v20.18.0
[debug] [2025-02-18T15:03:56.605Z] Time:          Wed Feb 19 2025 00:03:56 GMT+0900 (대한민국 표준시)
[debug] [2025-02-18T15:03:56.605Z] ----------------------------------------------------------------------
[debug] 
[debug] [2025-02-18T15:03:56.814Z] > command requires scopes: ["email","openid","https://www.googleapis.com/auth/cloudplatformprojects.readonly","https://www.googleapis.com/auth/firebase","https://www.googleapis.com/auth/cloud-platform"]
[debug] [2025-02-18T15:03:56.815Z] > authorizing via signed-in user (bcw842@gmail.com)
[debug] [2025-02-18T15:03:56.815Z] [iam] checking project wish-world-desu for permissions ["firebase.projects.get"]
[debug] [2025-02-18T15:03:56.815Z] Checked if tokens are valid: true, expires at: 1739894268342
[debug] [2025-02-18T15:03:56.816Z] Checked if tokens are valid: true, expires at: 1739894268342
[debug] [2025-02-18T15:03:56.816Z] >>> [apiv2][query] POST https://cloudresourcemanager.googleapis.com/v1/projects/wish-world-desu:testIamPermissions [none]
[debug] [2025-02-18T15:03:56.817Z] >>> [apiv2][(partial)header] POST https://cloudresourcemanager.googleapis.com/v1/projects/wish-world-desu:testIamPermissions x-goog-quota-user=projects/wish-world-desu
[debug] [2025-02-18T15:03:56.817Z] >>> [apiv2][body] POST https://cloudresourcemanager.googleapis.com/v1/projects/wish-world-desu:testIamPermissions {"permissions":["firebase.projects.get"]}
[debug] [2025-02-18T15:03:58.013Z] <<< [apiv2][status] POST https://cloudresourcemanager.googleapis.com/v1/projects/wish-world-desu:testIamPermissions 200
[debug] [2025-02-18T15:03:58.014Z] <<< [apiv2][body] POST https://cloudresourcemanager.googleapis.com/v1/projects/wish-world-desu:testIamPermissions {"permissions":["firebase.projects.get"]}
[debug] [2025-02-18T15:03:58.014Z] Checked if tokens are valid: true, expires at: 1739894268342
[debug] [2025-02-18T15:03:58.014Z] Checked if tokens are valid: true, expires at: 1739894268342
[debug] [2025-02-18T15:03:58.015Z] >>> [apiv2][query] GET https://cloudresourcemanager.googleapis.com/v1/projects/wish-world-desu [none]
[debug] [2025-02-18T15:03:58.374Z] <<< [apiv2][status] GET https://cloudresourcemanager.googleapis.com/v1/projects/wish-world-desu 200
[debug] [2025-02-18T15:03:58.374Z] <<< [apiv2][body] GET https://cloudresourcemanager.googleapis.com/v1/projects/wish-world-desu {"projectNumber":"640167301597","projectId":"wish-world-desu","lifecycleState":"ACTIVE","name":"wish-world","labels":{"firebase":"enabled","firebase-core":"disabled"},"createTime":"2025-02-17T13:06:38.989331Z"}
[info] 
[info] === Serving from 'C:\Users\codnj\Desktop\wish-world\wish-world'...
[info] 
[debug] [2025-02-18T15:03:58.377Z] Checked if tokens are valid: true, expires at: 1739894268342
[debug] [2025-02-18T15:03:58.378Z] Checked if tokens are valid: true, expires at: 1739894268342
[debug] [2025-02-18T15:03:58.378Z] >>> [apiv2][query] GET https://firebasehosting.googleapis.com/v1beta1/projects/wish-world-desu/sites 
[debug] [2025-02-18T15:03:59.100Z] <<< [apiv2][status] GET https://firebasehosting.googleapis.com/v1beta1/projects/wish-world-desu/sites 200
[debug] [2025-02-18T15:03:59.100Z] <<< [apiv2][body] GET https://firebasehosting.googleapis.com/v1beta1/projects/wish-world-desu/sites {"sites":[{"name":"projects/wish-world-desu/sites/wish-world-desu","defaultUrl":"https://wish-world-desu.web.app","type":"DEFAULT_SITE"}]}
[debug] [2025-02-18T15:03:59.100Z] Checked if tokens are valid: true, expires at: 1739894268342
[debug] [2025-02-18T15:03:59.100Z] Checked if tokens are valid: true, expires at: 1739894268342
[debug] [2025-02-18T15:03:59.101Z] >>> [apiv2][query] GET https://firebase.googleapis.com/v1beta1/projects/wish-world-desu/webApps/-/config [none]
[debug] [2025-02-18T15:04:00.221Z] <<< [apiv2][status] GET https://firebase.googleapis.com/v1beta1/projects/wish-world-desu/webApps/-/config 200
[debug] [2025-02-18T15:04:00.221Z] <<< [apiv2][body] GET https://firebase.googleapis.com/v1beta1/projects/wish-world-desu/webApps/-/config {"projectId":"wish-world-desu","appId":"1:640167301597:web:56c5b74e74c3da4bf7a634","databaseURL":"https://wish-world-desu-default-rtdb.firebaseio.com","storageBucket":"wish-world-desu.firebasestorage.app","apiKey":"AIzaSyAusHTZq3khKqvsy8lqQzNlxyZqw3A2w7E","authDomain":"wish-world-desu.firebaseapp.com","messagingSenderId":"640167301597","measurementId":"G-D6HXKBP9NP"}
[debug] [2025-02-18T15:04:00.236Z] Checked if tokens are valid: true, expires at: 1739894268342
[debug] [2025-02-18T15:04:00.237Z] Checked if tokens are valid: true, expires at: 1739894268342
[debug] [2025-02-18T15:04:00.237Z] >>> [apiv2][query] GET https://firebase.googleapis.com/v1beta1/projects/wish-world-desu [none]
[debug] [2025-02-18T15:04:00.547Z] <<< [apiv2][status] GET https://firebase.googleapis.com/v1beta1/projects/wish-world-desu 200
[debug] [2025-02-18T15:04:00.548Z] <<< [apiv2][body] GET https://firebase.googleapis.com/v1beta1/projects/wish-world-desu {"projectId":"wish-world-desu","projectNumber":"640167301597","displayName":"wish-world","name":"projects/wish-world-desu","resources":{"hostingSite":"wish-world-desu","realtimeDatabaseInstance":"wish-world-desu-default-rtdb"},"state":"ACTIVE","etag":"1_815dfe67-7134-4b90-a615-55fb8caf37f9"}
[info] i  hosting[wish-world-desu]: Serving hosting files from: src/content {"metadata":{"emulator":{"name":"hosting"},"message":"Serving hosting files from: \u001b[1msrc/content\u001b[22m"}}
[info] +  hosting[wish-world-desu]: Local server: http://localhost:5000 {"metadata":{"emulator":{"name":"hosting"},"message":"Local server: \u001b[4m\u001b[1mhttp://localhost:5000\u001b[22m\u001b[24m"}}
